<?xml version="1.0" encoding="UTF-8"?>
<!-- Generated by org.testng.reporters.JUnitReportReporter -->
<testsuite hostname="DESKTOP-BK3PTRF" failures="0" tests="1" name="Demo.ColorIphone" time="20.346" errors="0" timestamp="2024-08-31T10:52:35 IST" skipped="0">
  <testcase classname="Demo.ColorIphone" name="ColorIphone" time="20.346"/>
</testsuite> <!-- Demo.ColorIphone -->
