<?xml version="1.0" encoding="UTF-8"?>
<!-- Generated by org.testng.reporters.JUnitReportReporter -->
<testsuite hostname="DESKTOP-BK3PTRF" failures="0" tests="1" name="z.SelfPractice.Adv_Scenarios.C__MouseActionsHandling" time="15.822" errors="0" timestamp="2024-10-04T23:30:51 IST" skipped="0">
  <testcase classname="z.SelfPractice.Adv_Scenarios.C__MouseActionsHandling" name="c__MouseActionsHandling" time="15.822"/>
</testsuite> <!-- z.SelfPractice.Adv_Scenarios.C__MouseActionsHandling -->
