<?xml version="1.0" encoding="UTF-8"?>
<!-- Generated by org.testng.reporters.JUnitReportReporter -->
<testsuite hostname="DESKTOP-BK3PTRF" failures="0" tests="1" name="AdvanceScenarios.PartB.pOPUPS.AlertPopUps" time="10.864" errors="0" timestamp="2024-09-02T10:49:38 IST" skipped="0">
  <testcase classname="AdvanceScenarios.PartB.pOPUPS.AlertPopUps" name="alertPopUps" time="10.864"/>
</testsuite> <!-- AdvanceScenarios.PartB.pOPUPS.AlertPopUps -->
