<?xml version="1.0" encoding="UTF-8"?>
<!-- Generated by org.testng.reporters.JUnitReportReporter -->
<testsuite hostname="DESKTOP-BK3PTRF" failures="0" tests="1" name="z.SelfPractice.Adv_Scenarios.A__MultipleWebElement_Handling" time="24.383" errors="0" timestamp="2024-10-04T22:20:20 IST" skipped="0">
  <testcase classname="z.SelfPractice.Adv_Scenarios.A__MultipleWebElement_Handling" name="a__MultipleWebElement_Handling" time="24.383"/>
</testsuite> <!-- z.SelfPractice.Adv_Scenarios.A__MultipleWebElement_Handling -->
