<?xml version="1.0" encoding="UTF-8"?>
<!-- Generated by org.testng.reporters.JUnitReportReporter -->
<testsuite hostname="DESKTOP-BK3PTRF" failures="0" tests="7" name="z.SelfPractice.Frameworks.TestNG.C_InvocationCount" time="0.070" errors="0" timestamp="2024-09-10T20:56:08 IST" skipped="0">
  <testcase classname="z.SelfPractice.Frameworks.TestNG.C_InvocationCount" name="deleteContact" time="0.009"/>
  <testcase classname="z.SelfPractice.Frameworks.TestNG.C_InvocationCount" name="modifyContact" time="0.003"/>
  <testcase classname="z.SelfPractice.Frameworks.TestNG.C_InvocationCount" name="modifyContact" time="0.022"/>
  <testcase classname="z.SelfPractice.Frameworks.TestNG.C_InvocationCount" name="deleteContact" time="0.006"/>
  <testcase classname="z.SelfPractice.Frameworks.TestNG.C_InvocationCount" name="deleteContact" time="0.003"/>
  <testcase classname="z.SelfPractice.Frameworks.TestNG.C_InvocationCount" name="createContact" time="0.022"/>
  <testcase classname="z.SelfPractice.Frameworks.TestNG.C_InvocationCount" name="deleteContact" time="0.005"/>
</testsuite> <!-- z.SelfPractice.Frameworks.TestNG.C_InvocationCount -->
