<?xml version="1.0" encoding="UTF-8"?>
<!-- Generated by org.testng.reporters.JUnitReportReporter -->
<testsuite hostname="DESKTOP-BK3PTRF" failures="0" tests="1" name="testNg.pkg.TakeScreenShot" time="8.784" errors="0" timestamp="2024-09-02T11:10:43 IST" skipped="0">
  <testcase classname="testNg.pkg.TakeScreenShot" name="m1" time="8.784"/>
</testsuite> <!-- testNg.pkg.TakeScreenShot -->
