<?xml version="1.0" encoding="UTF-8"?>
<!-- Generated by org.testng.reporters.JUnitReportReporter -->
<testsuite hostname="DESKTOP-BK3PTRF" failures="0" tests="1" name="DataDrivenTesting.JewelleryBox" time="22.700" errors="0" timestamp="2024-08-31T11:35:41 IST" skipped="0">
  <testcase classname="DataDrivenTesting.JewelleryBox" name="JewelleryBox" time="22.700"/>
</testsuite> <!-- DataDrivenTesting.JewelleryBox -->
