<?xml version="1.0" encoding="UTF-8"?>
<!-- Generated by org.testng.reporters.JUnitReportReporter -->
<testsuite hostname="DESKTOP-BK3PTRF" failures="0" tests="1" name="Demo.Locators" time="13.402" errors="0" timestamp="2024-09-02T10:49:38 IST" skipped="0">
  <testcase classname="Demo.Locators" name="locators" time="13.402"/>
</testsuite> <!-- Demo.Locators -->
