<?xml version="1.0" encoding="UTF-8"?>
<!-- Generated by org.testng.reporters.JUnitReportReporter -->
<testsuite hostname="DESKTOP-BK3PTRF" failures="0" tests="1" name="AdvanceScenarios.PartB.HandlingAutoSuggestion_1" time="30.303" errors="0" timestamp="2024-09-02T10:49:38 IST" skipped="0">
  <testcase classname="AdvanceScenarios.PartB.HandlingAutoSuggestion_1" name="handlingAutoSuggestion_1" time="30.303"/>
</testsuite> <!-- AdvanceScenarios.PartB.HandlingAutoSuggestion_1 -->
