<?xml version="1.0" encoding="UTF-8"?>
<!-- Generated by org.testng.reporters.JUnitReportReporter -->
<testsuite hostname="DESKTOP-BK3PTRF" failures="0" tests="5" name="testNg.pkg.SampalTest" time="0.061" errors="0" timestamp="2024-09-02T10:49:38 IST" skipped="0">
  <testcase classname="testNg.pkg.SampalTest" name="createContact" time="0.021"/>
  <testcase classname="testNg.pkg.SampalTest" name="createContact" time="0.012"/>
  <testcase classname="testNg.pkg.SampalTest" name="createContact" time="0.010"/>
  <testcase classname="testNg.pkg.SampalTest" name="modifyContact" time="0.007"/>
  <testcase classname="testNg.pkg.SampalTest" name="deleteContact" time="0.011"/>
</testsuite> <!-- testNg.pkg.SampalTest -->
