<?xml version="1.0" encoding="UTF-8"?>
<!-- Generated by org.testng.reporters.JUnitReportReporter -->
<testsuite hostname="DESKTOP-BK3PTRF" failures="0" tests="1" name="AdvanceScenarios.PartB.pOPUPS.AuthenticationHandling" time="7.030" errors="0" timestamp="2024-08-31T11:35:41 IST" skipped="0">
  <testcase classname="AdvanceScenarios.PartB.pOPUPS.AuthenticationHandling" name="AuthenticationHandling" time="7.030"/>
</testsuite> <!-- AdvanceScenarios.PartB.pOPUPS.AuthenticationHandling -->
