<?xml version="1.0" encoding="UTF-8"?>
<!-- Generated by org.testng.reporters.JUnitReportReporter -->
<testsuite hostname="DESKTOP-BK3PTRF" failures="0" tests="1" name="Demo.AbsoluteXPath1" time="6.537" errors="0" timestamp="2024-08-31T11:13:45 IST" skipped="0">
  <testcase classname="Demo.AbsoluteXPath1" name="AbsoluteXPath1" time="6.537"/>
</testsuite> <!-- Demo.AbsoluteXPath1 -->
