<?xml version="1.0" encoding="UTF-8"?>
<!-- Generated by org.testng.reporters.JUnitReportReporter -->
<testsuite hostname="DESKTOP-BK3PTRF" failures="0" tests="3" name="z.SelfPractice.Frameworks.TestNG.Sample" time="0.025" errors="0" timestamp="2024-09-10T20:47:01 IST" skipped="0">
  <testcase classname="z.SelfPractice.Frameworks.TestNG.Sample" name="createContact" time="0.014"/>
  <testcase classname="z.SelfPractice.Frameworks.TestNG.Sample" name="modifyContact" time="0.003"/>
  <testcase classname="z.SelfPractice.Frameworks.TestNG.Sample" name="deleteContact" time="0.008"/>
</testsuite> <!-- z.SelfPractice.Frameworks.TestNG.Sample -->
