<?xml version="1.0" encoding="UTF-8"?>
<!-- Generated by org.testng.reporters.JUnitReportReporter -->
<testsuite hostname="DESKTOP-BK3PTRF" failures="0" tests="1" name="z.SelfPractice.Adv_Scenarios.B__KeyBoardStrokeHandling" time="9.072" errors="0" timestamp="2024-10-04T23:28:22 IST" skipped="0">
  <testcase classname="z.SelfPractice.Adv_Scenarios.B__KeyBoardStrokeHandling" name="b__KeyBoardStrokeHandling" time="9.072"/>
</testsuite> <!-- z.SelfPractice.Adv_Scenarios.B__KeyBoardStrokeHandling -->
